<?xml version="1.0" encoding="UTF-8"?>
<!-- Generated by org.testng.reporters.JUnitReportReporter -->
<testsuite skipped="0" hostname="DESKTOP-HEPKP8A" name="testJumble.Angles" tests="10" failures="0" timestamp="17 Nov 2020 13:43:29 GMT" time="15.798" errors="0">
  <testcase name="validDataTests" time="1.546" classname="testJumble.Angles"/>
  <testcase name="invalidDataTests" time="0.864" classname="testJumble.Angles"/>
  <testcase name="invalidDataTests" time="4.876" classname="testJumble.Angles"/>
  <testcase name="invalidDataTests" time="1.007" classname="testJumble.Angles"/>
  <testcase name="validDataTests" time="1.471" classname="testJumble.Angles"/>
  <testcase name="validDataTests" time="1.288" classname="testJumble.Angles"/>
  <testcase name="invalidDataTests" time="1.081" classname="testJumble.Angles"/>
  <testcase name="validDataTests" time="1.139" classname="testJumble.Angles"/>
  <testcase name="validDataTests" time="1.385" classname="testJumble.Angles"/>
  <testcase name="validDataTests" time="1.141" classname="testJumble.Angles"/>
</testsuite> <!-- testJumble.Angles -->
