<?xml version="1.0" encoding="UTF-8"?>
<!-- Generated by org.testng.reporters.JUnitReportReporter -->
<testsuite skipped="0" hostname="DESKTOP-HEPKP8A" name="testJumble.realTest" tests="10" failures="0" timestamp="16 Nov 2020 17:49:07 GMT" time="13.600" errors="0">
  <testcase name="validDataTests" time="1.023" classname="testJumble.realTest"/>
  <testcase name="invalidDataTests" time="0.951" classname="testJumble.realTest"/>
  <testcase name="invalidDataTests" time="3.792" classname="testJumble.realTest"/>
  <testcase name="invalidDataTests" time="1.036" classname="testJumble.realTest"/>
  <testcase name="validDataTests" time="1.157" classname="testJumble.realTest"/>
  <testcase name="validDataTests" time="1.239" classname="testJumble.realTest"/>
  <testcase name="invalidDataTests" time="0.763" classname="testJumble.realTest"/>
  <testcase name="validDataTests" time="1.003" classname="testJumble.realTest"/>
  <testcase name="validDataTests" time="1.373" classname="testJumble.realTest"/>
  <testcase name="validDataTests" time="1.263" classname="testJumble.realTest"/>
</testsuite> <!-- testJumble.realTest -->
