<?xml version="1.0" encoding="UTF-8"?>
<!-- Generated by org.testng.reporters.JUnitReportReporter -->
<testsuite skipped="0" hostname="DESKTOP-HEPKP8A" name="testJumble.loginTest" tests="8" failures="0" timestamp="18 Nov 2020 11:25:01 GMT" time="11.740" errors="0">
  <testcase name="invalidDataTests" time="0.896" classname="testJumble.loginTest"/>
  <testcase name="invalidDataTests" time="5.525" classname="testJumble.loginTest"/>
  <testcase name="validDataTests" time="0.890" classname="testJumble.loginTest"/>
  <testcase name="validDataTests" time="0.890" classname="testJumble.loginTest"/>
  <testcase name="invalidDataTests" time="0.855" classname="testJumble.loginTest"/>
  <testcase name="validDataTests" time="0.873" classname="testJumble.loginTest"/>
  <testcase name="validDataTests" time="0.894" classname="testJumble.loginTest"/>
  <testcase name="invalidDataTests" time="0.917" classname="testJumble.loginTest"/>
</testsuite> <!-- testJumble.loginTest -->
